2023-04-15 00:17:31,150 | INFO | Log file MTN_IMAGE_PARSE_20230415001731.log created.
2023-04-15 00:17:31,150 | INFO | --image: C:\Users\micha\OneDrive\Desktop\MICHAELNEUMAN_IMAGEPARSER\test_output_directory\Image\CDRIVE_202303141137.E01	--tools: C:\Users\micha\OneDrive\Desktop\PARSER_20230413\tools\	--output: C:\Users\micha\OneDrive\Desktop\PARSER_20230413\output\
2023-04-15 00:17:36,968 | INFO | Drive letters found: {'C:\\', 'E:\\'}
2023-04-15 00:17:41,979 | INFO | Drive letters found: {'C:\\', 'E:\\', 'D:\\'}
2023-04-15 00:17:41,979 | INFO | Image mounted to D:\
2023-04-15 00:17:41,979 | INFO | NTFS Image file successfully mounted, beginning tool execution.
2023-04-15 00:17:41,979 | INFO | Copying D:\users\micha\NTUSER.dat.log2 to local directory...
2023-04-15 00:17:42,057 | INFO | Copying D:\users\micha\NTUSER.dat to local directory...
2023-04-15 00:17:42,135 | INFO | Copying D:\users\micha\AppData\Local\Microsoft\Windows\UsrClass.dat.log2 to local directory...
2023-04-15 00:17:42,182 | INFO | Copying D:\users\micha\AppData\Local\Microsoft\Windows\UsrClass.dat.log1 to local directory...
2023-04-15 00:17:42,283 | INFO | Copying D:\users\micha\AppData\Local\Microsoft\Windows\UsrClass.dat to local directory...
2023-04-15 00:17:42,345 | INFO | Copying D:\users\micha\NTUSER.dat.log1 to local directory...
2023-04-15 00:17:42,408 | INFO | Executing C:\Users\micha\OneDrive\Desktop\PARSER_20230413\tools\MFTECmd.exe...
2023-04-15 00:17:42,408 | INFO | ['C:\\Users\\micha\\OneDrive\\Desktop\\PARSER_20230413\\tools\\MFTECmd.exe', '-f', 'D:\\$mft', '--csv', 'C:\\Users\\micha\\OneDrive\\Desktop\\PARSER_20230413\\output\\', '--csvf', 'temp.csv']
2023-04-15 00:19:31,820 | INFO | Execution complete. Parsing output to Excel file...Creating new sheet...Opening csv file and reading rows...
2023-04-15 00:19:31,836 | INFO | Headers = ['EntryNumber', 'SequenceNumber', 'InUse', 'ParentEntryNumber', 'ParentSequenceNumber', 'ParentPath', 'FileName', 'Extension', 'FileSize', 'ReferenceCount', 'ReparseTarget', 'IsDirectory', 'HasAds', 'IsAds', 'SI<FN', 'uSecZeros', 'Copied', 'SiFlags', 'NameType', 'Created0x10', 'Created0x30', 'LastModified0x10', 'LastModified0x30', 'LastRecordChange0x10', 'LastRecordChange0x30', 'LastAccess0x10', 'LastAccess0x30', 'UpdateSequenceNumber', 'LogfileSequenceNumber', 'SecurityId', 'ObjectIdFileDroid', 'LoggedUtilStream', 'ZoneIdContents']
2023-04-15 00:19:32,336 | INFO | 50000 rows chunked.
2023-04-15 00:19:41,446 | INFO | Saving workbook...
2023-04-15 00:20:09,081 | INFO | Workbook saved to C:\Users\micha\OneDrive\Desktop\PARSER_20230413\output\output.xlsx
2023-04-15 00:20:09,502 | INFO | 100000 rows chunked.
2023-04-15 00:20:17,633 | INFO | Saving workbook...
2023-04-15 00:21:15,505 | INFO | Workbook saved to C:\Users\micha\OneDrive\Desktop\PARSER_20230413\output\output.xlsx
2023-04-15 00:21:15,911 | INFO | 150000 rows chunked.
2023-04-15 00:21:19,416 | WARNING | Removed bad character from row 126264
2023-04-15 00:21:19,432 | WARNING | Removed bad character from row 126333
2023-04-15 00:21:19,432 | WARNING | Removed bad character from row 126376
2023-04-15 00:21:19,447 | WARNING | Removed bad character from row 126415
2023-04-15 00:21:22,633 | INFO | Saving workbook...
2023-04-15 00:22:45,729 | INFO | Workbook saved to C:\Users\micha\OneDrive\Desktop\PARSER_20230413\output\output.xlsx
2023-04-15 00:22:46,151 | INFO | 200000 rows chunked.
2023-04-15 00:22:54,811 | INFO | Saving workbook...
2023-04-15 00:24:52,195 | INFO | Workbook saved to C:\Users\micha\OneDrive\Desktop\PARSER_20230413\output\output.xlsx
2023-04-15 00:24:52,648 | INFO | 250000 rows chunked.
2023-04-15 00:25:00,328 | INFO | Saving workbook...
2023-04-15 00:27:50,428 | INFO | Workbook saved to C:\Users\micha\OneDrive\Desktop\PARSER_20230413\output\output.xlsx
2023-04-15 00:27:50,952 | INFO | 300000 rows chunked.
2023-04-15 00:28:00,111 | INFO | Saving workbook...
2023-04-15 00:33:04,970 | INFO | Workbook saved to C:\Users\micha\OneDrive\Desktop\PARSER_20230413\output\output.xlsx
2023-04-15 00:33:05,502 | INFO | 350000 rows chunked.
2023-04-15 00:33:15,892 | INFO | Saving workbook...
2023-04-15 00:40:50,908 | INFO | Workbook saved to C:\Users\micha\OneDrive\Desktop\PARSER_20230413\output\output.xlsx
2023-04-15 00:40:51,582 | INFO | 400000 rows chunked.
2023-04-15 00:41:02,190 | INFO | Saving workbook...
2023-04-15 00:49:33,777 | INFO | Workbook saved to C:\Users\micha\OneDrive\Desktop\PARSER_20230413\output\output.xlsx
2023-04-15 00:49:34,316 | INFO | 450000 rows chunked.
2023-04-15 00:49:53,816 | INFO | Saving workbook...
2023-04-15 01:01:02,149 | INFO | Workbook saved to C:\Users\micha\OneDrive\Desktop\PARSER_20230413\output\output.xlsx
2023-04-15 01:01:02,839 | INFO | 500000 rows chunked.
2023-04-15 01:01:24,078 | INFO | Max rows reached! Creating new sheet MFT2
2023-04-15 01:01:24,109 | INFO | Saving workbook...
2023-04-15 01:16:38,333 | INFO | Workbook saved to C:\Users\micha\OneDrive\Desktop\PARSER_20230413\output\output.xlsx
2023-04-15 01:16:39,084 | INFO | 550000 rows chunked.
2023-04-15 01:16:45,409 | INFO | Saving workbook...
2023-04-15 01:33:40,819 | INFO | Workbook saved to C:\Users\micha\OneDrive\Desktop\PARSER_20230413\output\output.xlsx
2023-04-15 01:33:41,351 | INFO | 600000 rows chunked.
2023-04-15 01:33:48,229 | INFO | Saving workbook...
2023-04-15 01:53:10,569 | INFO | Workbook saved to C:\Users\micha\OneDrive\Desktop\PARSER_20230413\output\output.xlsx
2023-04-15 01:53:11,069 | INFO | 650000 rows chunked.
2023-04-15 01:53:18,626 | INFO | Saving workbook...
2023-04-15 02:16:21,722 | INFO | Workbook saved to C:\Users\micha\OneDrive\Desktop\PARSER_20230413\output\output.xlsx
2023-04-15 02:16:22,191 | INFO | 700000 rows chunked.
2023-04-15 02:16:30,522 | INFO | Saving workbook...
2023-04-15 02:46:21,650 | INFO | Workbook saved to C:\Users\micha\OneDrive\Desktop\PARSER_20230413\output\output.xlsx
2023-04-15 02:46:22,209 | INFO | 750000 rows chunked.
2023-04-15 02:46:30,940 | INFO | Saving workbook...
2023-04-15 03:16:26,768 | INFO | Workbook saved to C:\Users\micha\OneDrive\Desktop\PARSER_20230413\output\output.xlsx
2023-04-15 03:16:27,441 | INFO | 800000 rows chunked.
2023-04-15 03:16:36,838 | INFO | Saving workbook...
2023-04-15 03:53:18,273 | INFO | Workbook saved to C:\Users\micha\OneDrive\Desktop\PARSER_20230413\output\output.xlsx
2023-04-15 03:53:18,851 | INFO | 850000 rows chunked.
2023-04-15 03:53:29,292 | INFO | Saving workbook...
2023-04-15 04:36:10,942 | INFO | Workbook saved to C:\Users\micha\OneDrive\Desktop\PARSER_20230413\output\output.xlsx
2023-04-15 04:36:11,635 | INFO | 900000 rows chunked.
2023-04-15 04:36:22,704 | INFO | Saving workbook...
2023-04-15 05:22:42,889 | INFO | Workbook saved to C:\Users\micha\OneDrive\Desktop\PARSER_20230413\output\output.xlsx
2023-04-15 05:22:43,483 | INFO | 950000 rows chunked.
2023-04-15 05:22:54,834 | INFO | Saving workbook...
2023-04-15 06:12:08,347 | INFO | Workbook saved to C:\Users\micha\OneDrive\Desktop\PARSER_20230413\output\output.xlsx
2023-04-15 06:12:09,637 | INFO | 1000000 rows chunked.
2023-04-15 06:14:34,982 | INFO | Max rows reached! Creating new sheet MFT3
2023-04-15 06:14:35,060 | INFO | Saving workbook...
2023-04-15 07:12:04,994 | INFO | Workbook saved to C:\Users\micha\OneDrive\Desktop\PARSER_20230413\output\output.xlsx
2023-04-15 07:12:05,650 | INFO | 1050000 rows chunked.
2023-04-15 07:12:12,341 | INFO | Saving workbook...
2023-04-15 08:20:05,680 | INFO | Workbook saved to C:\Users\micha\OneDrive\Desktop\PARSER_20230413\output\output.xlsx
2023-04-15 08:20:06,165 | INFO | 1100000 rows chunked.
2023-04-15 08:20:12,788 | INFO | Saving workbook...
